<?xml version="1.0" encoding="UTF-8"?>
<testsuite name="com.cronparser.CronAbstractFactoryTest" tests="2" skipped="0" failures="0" errors="0" timestamp="2025-04-18T08:42:05" hostname="Himanshus-MacBook-Air.local" time="0.016">
  <properties/>
  <testcase name="test valid factory()" classname="com.cronparser.CronAbstractFactoryTest" time="0.008"/>
  <testcase name="test invalid taxonomy()" classname="com.cronparser.CronAbstractFactoryTest" time="0.007"/>
  <system-out><![CDATA[]]></system-out>
  <system-err><![CDATA[]]></system-err>
</testsuite>
