<?xml version="1.0" encoding="UTF-8"?>
<testsuite name="com.cronparser.MainTest" tests="2" skipped="0" failures="0" errors="0" timestamp="2025-04-18T08:42:06" hostname="Himanshus-MacBook-Air.local" time="0.557">
  <properties/>
  <testcase name="test valid cron expression()" classname="com.cronparser.MainTest" time="0.555"/>
  <testcase name="test invalid cron expression()" classname="com.cronparser.MainTest" time="0.001"/>
  <system-out><![CDATA[]]></system-out>
  <system-err><![CDATA[SLF4J: No SLF4J providers were found.
SLF4J: Defaulting to no-operation (NOP) logger implementation
SLF4J: See https://www.slf4j.org/codes.html#noProviders for further details.
]]></system-err>
</testsuite>
