<?xml version="1.0" encoding="UTF-8"?>
<testsuite name="com.cronparser.InvalidCronExpressionExceptionTest" tests="1" skipped="0" failures="0" errors="0" timestamp="2025-04-18T08:42:06" hostname="Himanshus-MacBook-Air.local" time="0.001">
  <properties/>
  <testcase name="test exception message()" classname="com.cronparser.InvalidCronExpressionExceptionTest" time="0.001"/>
  <system-out><![CDATA[]]></system-out>
  <system-err><![CDATA[]]></system-err>
</testsuite>
