<?xml version="1.0" encoding="UTF-8"?>
<testsuite name="com.cronparser.CronParserTest" tests="7" skipped="0" failures="0" errors="0" timestamp="2025-04-18T08:42:06" hostname="Himanshus-MacBook-Air.local" time="0.007">
  <properties/>
  <testcase name="test valid cron expression()" classname="com.cronparser.CronParserTest" time="0.002"/>
  <testcase name="test invalid chars()" classname="com.cronparser.CronParserTest" time="0.002"/>
  <testcase name="test invalid interval arguments()" classname="com.cronparser.CronParserTest" time="0.0"/>
  <testcase name="test invalid step arguments()" classname="com.cronparser.CronParserTest" time="0.0"/>
  <testcase name="test invalid day of week range()" classname="com.cronparser.CronParserTest" time="0.0"/>
  <testcase name="test boundary values()" classname="com.cronparser.CronParserTest" time="0.0"/>
  <testcase name="test large cron command()" classname="com.cronparser.CronParserTest" time="0.001"/>
  <system-out><![CDATA[]]></system-out>
  <system-err><![CDATA[]]></system-err>
</testsuite>
