<?xml version="1.0" encoding="UTF-8"?>
<testsuite name="com.cronparser.CronFieldHandlerFactoryTest" tests="2" skipped="0" failures="0" errors="0" timestamp="2025-04-18T08:42:05" hostname="Himanshus-MacBook-Air.local" time="0.1">
  <properties/>
  <testcase name="test invalid field handler()" classname="com.cronparser.CronFieldHandlerFactoryTest" time="0.001"/>
  <testcase name="test valid field handlers()" classname="com.cronparser.CronFieldHandlerFactoryTest" time="0.099"/>
  <system-out><![CDATA[]]></system-out>
  <system-err><![CDATA[]]></system-err>
</testsuite>
